[25-Jul-2016 16:10:56 America/Chicago] Action "auth/imagePath" does not exist.
[25-Jul-2016 16:10:56 America/Chicago] PHP Fatal error:  Uncaught exception 'sfStopException' in /var/www/html/orangehrm/symfony/lib/vendor/symfony/lib/filter/sfBasicSecurityFilter.class.php:96
Stack trace:
#0 /var/www/html/orangehrm/symfony/lib/vendor/symfony/lib/filter/sfBasicSecurityFilter.class.php(55): sfBasicSecurityFilter->forwardToLoginAction()
#1 /var/www/html/orangehrm/symfony/cache/orangehrm/prod/config/config_core_compile.yml.php(1031): sfBasicSecurityFilter->execute(Object(sfFilterChain))
#2 /var/www/html/orangehrm/symfony/cache/orangehrm/prod/config/config_core_compile.yml.php(995): sfFilterChain->execute()
#3 /var/www/html/orangehrm/symfony/cache/orangehrm/prod/config/config_core_compile.yml.php(1031): sfRenderingFilter->execute(Object(sfFilterChain))
#4 /var/www/html/orangehrm/symfony/cache/orangehrm/prod/config/config_core_compile.yml.php(665): sfFilterChain->execute()
#5 /var/www/html/orangehrm/symfony/lib/vendor/symfony/lib/exception/sfError404Exception.class.php(49): sfController->forward('default', 'error404')
#6 /var/www/html/orangehrm/symfony in /var/www/html/orangehrm/symfony/lib/vendor/symfony/lib/filter/sfBasicSecurityFilter.class.php on line 96
[25-Jul-2016 18:16:14 America/Chicago] PHP Fatal error:  Call to undefined method EmployeeLicenseForm::_getLicenseList() in /var/www/html/orangehrm/symfony/plugins/orangehrmPimPlugin/lib/form/EmployeeLicenseForm.php on line 86
[25-Jul-2016 18:16:16 America/Chicago] PHP Fatal error:  Call to undefined method EmployeeLicenseForm::_getLicenseList() in /var/www/html/orangehrm/symfony/plugins/orangehrmPimPlugin/lib/form/EmployeeLicenseForm.php on line 86
Tue 26 Jul 2016 01:51:34 PM CDT,532 [5052] ERROR filter.ExceptionCatcherFilter - Uncaught Exception: exception 'sfConfigurationException' with message 'The component does not exist: "mainMenu", "".' in /var/www/html/orangehrm/symfony/lib/vendor/symfony/lib/helper/PartialHelper.php:352
Stack trace:
#0 /var/www/html/orangehrm/symfony/lib/vendor/symfony/lib/helper/PartialHelper.php(150): _call_component('mainMenu', NULL, Array)
#1 /var/www/html/orangehrm/symfony/lib/vendor/symfony/lib/helper/PartialHelper.php(115): get_component('mainMenu', NULL, Array)
#2 /var/www/html/orangehrm/symfony/apps/orangehrm/templates/freshorange.php(40): include_component('mainMenu')
#3 /var/www/html/orangehrm/symfony/cache/orangehrm/prod/config/config_core_compile.yml.php(3851): require('/var/www/html/o...')
#4 /var/www/html/orangehrm/symfony/cache/orangehrm/prod/config/config_core_compile.yml.php(3886): sfPHPView->renderFile('/var/www/html/o...')
#5 /var/www/html/orangehrm/symfony/cache/orangehrm/prod/config/config_core_compile.yml.php(3918): sfPHPView->decorate('<link rel="styl...')
#6 /var/www/html/orangehrm/symfony/cache/orangehrm/prod/config/config_core_compile.yml.php(979): sfPHPView->render()
#7 /var/www/html/orangehrm/symfony/cache/orangehrm/prod/config/config_core_compile.yml.php(966): sfExecutionFilter->executeView('dashboard', 'index', 'Success', Array)
#8 /var/www/html/orangehrm/symfony/cache/orangehrm/prod/config/config_core_compile.yml.php(934): sfExecutionFilter->handleView(Object(sfFilterChain), Object(indexAction), 'Success')
#9 /var/www/html/orangehrm/symfony/cache/orangehrm/prod/config/config_core_compile.yml.php(1031): sfExecutionFilter->execute(Object(sfFilterChain))
#10 /var/www/html/orangehrm/symfony/lib/vendor/symfony/lib/filter/sfCommonFilter.class.php(29): sfFilterChain->execute()
#11 /var/www/html/orangehrm/symfony/cache/orangehrm/prod/config/config_core_compile.yml.php(1031): sfCommonFilter->execute(Object(sfFilterChain))
#12 /var/www/html/orangehrm/symfony/plugins/orangehrmCorePlugin/lib/filter/orangehrmPostExecutionFilter.php(22): sfFilterChain->execute()
#13 /var/www/html/orangehrm/symfony/cache/orangehrm/prod/config/config_core_compile.yml.php(1031): orangehrmPostExecutionFilter->execute(Object(sfFilterChain))
#14 /var/www/html/orangehrm/symfony/apps/orangehrm/lib/filter/ModuleFilter.php(56): sfFilterChain->execute()
#15 /var/www/html/orangehrm/symfony/cache/orangehrm/prod/config/config_core_compile.yml.php(1031): ModuleFilter->execute(Object(sfFilterChain))
#16 /var/www/html/orangehrm/symfony/plugins/orangehrmCorePlugin/lib/authorization/filter/ohrmAuthorizationFilter.php(101): sfFilterChain->execute()
#17 /var/www/html/orangehrm/symfony/cache/orangehrm/prod/config/config_core_compile.yml.php(1031): ohrmAuthorizationFilter->execute(Object(sfFilterChain))
#18 /var/www/html/orangehrm/symfony/apps/orangehrm/lib/filter/SessionInfoFetcherFilter.php(67): sfFilterChain->execute()
#19 /var/www/html/orangehrm/symfony/cache/orangehrm/prod/config/config_core_compile.yml.php(1031): SessionInfoFetcherFilter->execute(Object(sfFilterChain))
#20 /var/www/html/orangehrm/symfony/apps/orangehrm/lib/filter/OrangeI18NFilter.php(58): sfFilterChain->execute()
#21 /var/www/html/orangehrm/symfony/cache/orangehrm/prod/config/config_core_compile.yml.php(1031): OrangeI18NFilter->execute(Object(sfFilterChain))
#22 /var/www/html/orangehrm/symfony/apps/orangehrm/lib/filter/ExceptionCatcherFilter.php(26): sfFilterChain->execute()
#23 /var/www/html/orangehrm/symfony/cache/orangehrm/prod/config/config_core_compile.yml.php(1031): ExceptionCatcherFilter->execute(Object(sfFilterChain))
#24 /var/www/html/orangehrm/symfony/lib/vendor/symfony/lib/filter/sfBasicSecurityFilter.class.php(72): sfFilterChain->execute()
#25 /var/www/html/orangehrm/symfony/cache/orangehrm/prod/config/config_core_compile.yml.php(1031): sfBasicSecurityFilter->execute(Object(sfFilterChain))
#26 /var/www/html/orangehrm/symfony/cache/orangehrm/prod/config/config_core_compile.yml.php(995): sfFilterChain->execute()
#27 /var/www/html/orangehrm/symfony/cache/orangehrm/prod/config/config_core_compile.yml.php(1031): sfRenderingFilter->execute(Object(sfFilterChain))
#28 /var/www/html/orangehrm/symfony/cache/orangehrm/prod/config/config_core_compile.yml.php(665): sfFilterChain->execute()
#29 /var/www/html/orangehrm/symfony/cache/orangehrm/prod/config/config_core_compile.yml.php(2352): sfController->forward('dashboard', 'index')
#30 /var/www/html/orangehrm/symfony/lib/vendor/symfony/lib/util/sfContext.class.php(170): sfFrontWebController->dispatch()
#31 /var/www/html/orangehrm/symfony/web/index.php(22): sfContext->dispatch()
#32 {main}
Tue 26 Jul 2016 01:51:34 PM CDT,673 [5052] ERROR filter.ExceptionCatcherFilter - Uncaught Exception: exception 'sfConfigurationException' with message 'The component does not exist: "mainMenu", "".' in /var/www/html/orangehrm/symfony/lib/vendor/symfony/lib/helper/PartialHelper.php:352
Stack trace:
#0 /var/www/html/orangehrm/symfony/lib/vendor/symfony/lib/helper/PartialHelper.php(150): _call_component('mainMenu', NULL, Array)
#1 /var/www/html/orangehrm/symfony/lib/vendor/symfony/lib/helper/PartialHelper.php(115): get_component('mainMenu', NULL, Array)
#2 /var/www/html/orangehrm/symfony/apps/orangehrm/templates/freshorange.php(40): include_component('mainMenu')
#3 /var/www/html/orangehrm/symfony/cache/orangehrm/prod/config/config_core_compile.yml.php(3851): require('/var/www/html/o...')
#4 /var/www/html/orangehrm/symfony/cache/orangehrm/prod/config/config_core_compile.yml.php(3886): sfPHPView->renderFile('/var/www/html/o...')
#5 /var/www/html/orangehrm/symfony/cache/orangehrm/prod/config/config_core_compile.yml.php(3918): sfPHPView->decorate('<div class="box...')
#6 /var/www/html/orangehrm/symfony/cache/orangehrm/prod/config/config_core_compile.yml.php(979): sfPHPView->render()
#7 /var/www/html/orangehrm/symfony/cache/orangehrm/prod/config/config_core_compile.yml.php(966): sfExecutionFilter->executeView('core', 'displayMessage', 'Success', Array)
#8 /var/www/html/orangehrm/symfony/cache/orangehrm/prod/config/config_core_compile.yml.php(934): sfExecutionFilter->handleView(Object(sfFilterChain), Object(displayMessageAction), 'Success')
#9 /var/www/html/orangehrm/symfony/cache/orangehrm/prod/config/config_core_compile.yml.php(1031): sfExecutionFilter->execute(Object(sfFilterChain))
#10 /var/www/html/orangehrm/symfony/lib/vendor/symfony/lib/filter/sfCommonFilter.class.php(29): sfFilterChain->execute()
#11 /var/www/html/orangehrm/symfony/cache/orangehrm/prod/config/config_core_compile.yml.php(1031): sfCommonFilter->execute(Object(sfFilterChain))
#12 /var/www/html/orangehrm/symfony/plugins/orangehrmCorePlugin/lib/filter/orangehrmPostExecutionFilter.php(22): sfFilterChain->execute()
#13 /var/www/html/orangehrm/symfony/cache/orangehrm/prod/config/config_core_compile.yml.php(1031): orangehrmPostExecutionFilter->execute(Object(sfFilterChain))
#14 /var/www/html/orangehrm/symfony/apps/orangehrm/lib/filter/ModuleFilter.php(56): sfFilterChain->execute()
#15 /var/www/html/orangehrm/symfony/cache/orangehrm/prod/config/config_core_compile.yml.php(1031): ModuleFilter->execute(Object(sfFilterChain))
#16 /var/www/html/orangehrm/symfony/plugins/orangehrmCorePlugin/lib/authorization/filter/ohrmAuthorizationFilter.php(101): sfFilterChain->execute()
#17 /var/www/html/orangehrm/symfony/cache/orangehrm/prod/config/config_core_compile.yml.php(1031): ohrmAuthorizationFilter->execute(Object(sfFilterChain))
#18 /var/www/html/orangehrm/symfony/apps/orangehrm/lib/filter/SessionInfoFetcherFilter.php(67): sfFilterChain->execute()
#19 /var/www/html/orangehrm/symfony/cache/orangehrm/prod/config/config_core_compile.yml.php(1031): SessionInfoFetcherFilter->execute(Object(sfFilterChain))
#20 /var/www/html/orangehrm/symfony/apps/orangehrm/lib/filter/OrangeI18NFilter.php(58): sfFilterChain->execute()
#21 /var/www/html/orangehrm/symfony/cache/orangehrm/prod/config/config_core_compile.yml.php(1031): OrangeI18NFilter->execute(Object(sfFilterChain))
#22 /var/www/html/orangehrm/symfony/apps/orangehrm/lib/filter/ExceptionCatcherFilter.php(26): sfFilterChain->execute()
#23 /var/www/html/orangehrm/symfony/cache/orangehrm/prod/config/config_core_compile.yml.php(1031): ExceptionCatcherFilter->execute(Object(sfFilterChain))
#24 /var/www/html/orangehrm/symfony/lib/vendor/symfony/lib/filter/sfBasicSecurityFilter.class.php(72): sfFilterChain->execute()
#25 /var/www/html/orangehrm/symfony/cache/orangehrm/prod/config/config_core_compile.yml.php(1031): sfBasicSecurityFilter->execute(Object(sfFilterChain))
#26 /var/www/html/orangehrm/symfony/cache/orangehrm/prod/config/config_core_compile.yml.php(995): sfFilterChain->execute()
#27 /var/www/html/orangehrm/symfony/cache/orangehrm/prod/config/config_core_compile.yml.php(1031): sfRenderingFilter->execute(Object(sfFilterChain))
#28 /var/www/html/orangehrm/symfony/cache/orangehrm/prod/config/config_core_compile.yml.php(665): sfFilterChain->execute()
#29 /var/www/html/orangehrm/symfony/apps/orangehrm/lib/filter/ExceptionCatcherFilter.php(40): sfController->forward('core', 'displayMessage')
#30 /var/www/html/orangehrm/symfony/cache/orangehrm/prod/config/config_core_compile.yml.php(1031): ExceptionCatcherFilter->execute(Object(sfFilterChain))
#31 /var/www/html/orangehrm/symfony/lib/vendor/symfony/lib/filter/sfBasicSecurityFilter.class.php(72): sfFilterChain->execute()
#32 /var/www/html/orangehrm/symfony/cache/orangehrm/prod/config/config_core_compile.yml.php(1031): sfBasicSecurityFilter->execute(Object(sfFilterChain))
#33 /var/www/html/orangehrm/symfony/cache/orangehrm/prod/config/config_core_compile.yml.php(995): sfFilterChain->execute()
#34 /var/www/html/orangehrm/symfony/cache/orangehrm/prod/config/config_core_compile.yml.php(1031): sfRenderingFilter->execute(Object(sfFilterChain))
#35 /var/www/html/orangehrm/symfony/cache/orangehrm/prod/config/config_core_compile.yml.php(665): sfFilterChain->execute()
#36 /var/www/html/orangehrm/symfony/cache/orangehrm/prod/config/config_core_compile.yml.php(2352): sfController->forward('dashboard', 'index')
#37 /var/www/html/orangehrm/symfony/lib/vendor/symfony/lib/util/sfContext.class.php(170): sfFrontWebController->dispatch()
#38 /var/www/html/orangehrm/symfony/web/index.php(22): sfContext->dispatch()
#39 {main}
Tue 26 Jul 2016 01:51:34 PM CDT,721 [5052] ERROR filter.ExceptionCatcherFilter - Uncaught Exception: exception 'sfConfigurationException' with message 'The component does not exist: "mainMenu", "".' in /var/www/html/orangehrm/symfony/lib/vendor/symfony/lib/helper/PartialHelper.php:352
Stack trace:
#0 /var/www/html/orangehrm/symfony/lib/vendor/symfony/lib/helper/PartialHelper.php(150): _call_component('mainMenu', NULL, Array)
#1 /var/www/html/orangehrm/symfony/lib/vendor/symfony/lib/helper/PartialHelper.php(115): get_component('mainMenu', NULL, Array)
#2 /var/www/html/orangehrm/symfony/apps/orangehrm/templates/freshorange.php(40): include_component('mainMenu')
#3 /var/www/html/orangehrm/symfony/cache/orangehrm/prod/config/config_core_compile.yml.php(3851): require('/var/www/html/o...')
#4 /var/www/html/orangehrm/symfony/cache/orangehrm/prod/config/config_core_compile.yml.php(3886): sfPHPView->renderFile('/var/www/html/o...')
#5 /var/www/html/orangehrm/symfony/cache/orangehrm/prod/config/config_core_compile.yml.php(3918): sfPHPView->decorate('<div class="box...')
#6 /var/www/html/orangehrm/symfony/cache/orangehrm/prod/config/config_core_compile.yml.php(979): sfPHPView->render()
#7 /var/www/html/orangehrm/symfony/cache/orangehrm/prod/config/config_core_compile.yml.php(966): sfExecutionFilter->executeView('core', 'displayMessage', 'Success', Array)
#8 /var/www/html/orangehrm/symfony/cache/orangehrm/prod/config/config_core_compile.yml.php(934): sfExecutionFilter->handleView(Object(sfFilterChain), Object(displayMessageAction), 'Success')
#9 /var/www/html/orangehrm/symfony/cache/orangehrm/prod/config/config_core_compile.yml.php(1031): sfExecutionFilter->execute(Object(sfFilterChain))
#10 /var/www/html/orangehrm/symfony/lib/vendor/symfony/lib/filter/sfCommonFilter.class.php(29): sfFilterChain->execute()
#11 /var/www/html/orangehrm/symfony/cache/orangehrm/prod/config/config_core_compile.yml.php(1031): sfCommonFilter->execute(Object(sfFilterChain))
#12 /var/www/html/orangehrm/symfony/plugins/orangehrmCorePlugin/lib/filter/orangehrmPostExecutionFilter.php(22): sfFilterChain->execute()
#13 /var/www/html/orangehrm/symfony/cache/orangehrm/prod/config/config_core_compile.yml.php(1031): orangehrmPostExecutionFilter->execute(Object(sfFilterChain))
#14 /var/www/html/orangehrm/symfony/apps/orangehrm/lib/filter/ModuleFilter.php(56): sfFilterChain->execute()
#15 /var/www/html/orangehrm/symfony/cache/orangehrm/prod/config/config_core_compile.yml.php(1031): ModuleFilter->execute(Object(sfFilterChain))
#16 /var/www/html/orangehrm/symfony/plugins/orangehrmCorePlugin/lib/authorization/filter/ohrmAuthorizationFilter.php(101): sfFilterChain->execute()
#17 /var/www/html/orangehrm/symfony/cache/orangehrm/prod/config/config_core_compile.yml.php(1031): ohrmAuthorizationFilter->execute(Object(sfFilterChain))
#18 /var/www/html/orangehrm/symfony/apps/orangehrm/lib/filter/SessionInfoFetcherFilter.php(67): sfFilterChain->execute()
#19 /var/www/html/orangehrm/symfony/cache/orangehrm/prod/config/config_core_compile.yml.php(1031): SessionInfoFetcherFilter->execute(Object(sfFilterChain))
#20 /var/www/html/orangehrm/symfony/apps/orangehrm/lib/filter/OrangeI18NFilter.php(58): sfFilterChain->execute()
#21 /var/www/html/orangehrm/symfony/cache/orangehrm/prod/config/config_core_compile.yml.php(1031): OrangeI18NFilter->execute(Object(sfFilterChain))
#22 /var/www/html/orangehrm/symfony/apps/orangehrm/lib/filter/ExceptionCatcherFilter.php(26): sfFilterChain->execute()
#23 /var/www/html/orangehrm/symfony/cache/orangehrm/prod/config/config_core_compile.yml.php(1031): ExceptionCatcherFilter->execute(Object(sfFilterChain))
#24 /var/www/html/orangehrm/symfony/lib/vendor/symfony/lib/filter/sfBasicSecurityFilter.class.php(72): sfFilterChain->execute()
#25 /var/www/html/orangehrm/symfony/cache/orangehrm/prod/config/config_core_compile.yml.php(1031): sfBasicSecurityFilter->execute(Object(sfFilterChain))
#26 /var/www/html/orangehrm/symfony/cache/orangehrm/prod/config/config_core_compile.yml.php(995): sfFilterChain->execute()
#27 /var/www/html/orangehrm/symfony/cache/orangehrm/prod/config/config_core_compile.yml.php(1031): sfRenderingFilter->execute(Object(sfFilterChain))
#28 /var/www/html/orangehrm/symfony/cache/orangehrm/prod/config/config_core_compile.yml.php(665): sfFilterChain->execute()
#29 /var/www/html/orangehrm/symfony/apps/orangehrm/lib/filter/ExceptionCatcherFilter.php(40): sfController->forward('core', 'displayMessage')
#30 /var/www/html/orangehrm/symfony/cache/orangehrm/prod/config/config_core_compile.yml.php(1031): ExceptionCatcherFilter->execute(Object(sfFilterChain))
#31 /var/www/html/orangehrm/symfony/lib/vendor/symfony/lib/filter/sfBasicSecurityFilter.class.php(72): sfFilterChain->execute()
#32 /var/www/html/orangehrm/symfony/cache/orangehrm/prod/config/config_core_compile.yml.php(1031): sfBasicSecurityFilter->execute(Object(sfFilterChain))
#33 /var/www/html/orangehrm/symfony/cache/orangehrm/prod/config/config_core_compile.yml.php(995): sfFilterChain->execute()
#34 /var/www/html/orangehrm/symfony/cache/orangehrm/prod/config/config_core_compile.yml.php(1031): sfRenderingFilter->execute(Object(sfFilterChain))
#35 /var/www/html/orangehrm/symfony/cache/orangehrm/prod/config/config_core_compile.yml.php(665): sfFilterChain->execute()
#36 /var/www/html/orangehrm/symfony/apps/orangehrm/lib/filter/ExceptionCatcherFilter.php(40): sfController->forward('core', 'displayMessage')
#37 /var/www/html/orangehrm/symfony/cache/orangehrm/prod/config/config_core_compile.yml.php(1031): ExceptionCatcherFilter->execute(Object(sfFilterChain))
#38 /var/www/html/orangehrm/symfony/lib/vendor/symfony/lib/filter/sfBasicSecurityFilter.class.php(72): sfFilterChain->execute()
#39 /var/www/html/orangehrm/symfony/cache/orangehrm/prod/config/config_core_compile.yml.php(1031): sfBasicSecurityFilter->execute(Object(sfFilterChain))
#40 /var/www/html/orangehrm/symfony/cache/orangehrm/prod/config/config_core_compile.yml.php(995): sfFilterChain->execute()
#41 /var/www/html/orangehrm/symfony/cache/orangehrm/prod/config/config_core_compile.yml.php(1031): sfRenderingFilter->execute(Object(sfFilterChain))
#42 /var/www/html/orangehrm/symfony/cache/orangehrm/prod/config/config_core_compile.yml.php(665): sfFilterChain->execute()
#43 /var/www/html/orangehrm/symfony/cache/orangehrm/prod/config/config_core_compile.yml.php(2352): sfController->forward('dashboard', 'index')
#44 /var/www/html/orangehrm/symfony/lib/vendor/symfony/lib/util/sfContext.class.php(170): sfFrontWebController->dispatch()
#45 /var/www/html/orangehrm/symfony/web/index.php(22): sfContext->dispatch()
#46 {main}
Tue 26 Jul 2016 01:51:34 PM CDT,771 [5052] ERROR filter.ExceptionCatcherFilter - Uncaught Exception: exception 'sfConfigurationException' with message 'The component does not exist: "mainMenu", "".' in /var/www/html/orangehrm/symfony/lib/vendor/symfony/lib/helper/PartialHelper.php:352
Stack trace:
#0 /var/www/html/orangehrm/symfony/lib/vendor/symfony/lib/helper/PartialHelper.php(150): _call_component('mainMenu', NULL, Array)
#1 /var/www/html/orangehrm/symfony/lib/vendor/symfony/lib/helper/PartialHelper.php(115): get_component('mainMenu', NULL, Array)
#2 /var/www/html/orangehrm/symfony/apps/orangehrm/templates/freshorange.php(40): include_component('mainMenu')
#3 /var/www/html/orangehrm/symfony/cache/orangehrm/prod/config/config_core_compile.yml.php(3851): require('/var/www/html/o...')
#4 /var/www/html/orangehrm/symfony/cache/orangehrm/prod/config/config_core_compile.yml.php(3886): sfPHPView->renderFile('/var/www/html/o...')
#5 /var/www/html/orangehrm/symfony/cache/orangehrm/prod/config/config_core_compile.yml.php(3918): sfPHPView->decorate('<div class="box...')
#6 /var/www/html/orangehrm/symfony/cache/orangehrm/prod/config/config_core_compile.yml.php(979): sfPHPView->render()
#7 /var/www/html/orangehrm/symfony/cache/orangehrm/prod/config/config_core_compile.yml.php(966): sfExecutionFilter->executeView('core', 'displayMessage', 'Success', Array)
#8 /var/www/html/orangehrm/symfony/cache/orangehrm/prod/config/config_core_compile.yml.php(934): sfExecutionFilter->handleView(Object(sfFilterChain), Object(displayMessageAction), 'Success')
#9 /var/www/html/orangehrm/symfony/cache/orangehrm/prod/config/config_core_compile.yml.php(1031): sfExecutionFilter->execute(Object(sfFilterChain))
#10 /var/www/html/orangehrm/symfony/lib/vendor/symfony/lib/filter/sfCommonFilter.class.php(29): sfFilterChain->execute()
#11 /var/www/html/orangehrm/symfony/cache/orangehrm/prod/config/config_core_compile.yml.php(1031): sfCommonFilter->execute(Object(sfFilterChain))
#12 /var/www/html/orangehrm/symfony/plugins/orangehrmCorePlugin/lib/filter/orangehrmPostExecutionFilter.php(22): sfFilterChain->execute()
#13 /var/www/html/orangehrm/symfony/cache/orangehrm/prod/config/config_core_compile.yml.php(1031): orangehrmPostExecutionFilter->execute(Object(sfFilterChain))
#14 /var/www/html/orangehrm/symfony/apps/orangehrm/lib/filter/ModuleFilter.php(56): sfFilterChain->execute()
#15 /var/www/html/orangehrm/symfony/cache/orangehrm/prod/config/config_core_compile.yml.php(1031): ModuleFilter->execute(Object(sfFilterChain))
#16 /var/www/html/orangehrm/symfony/plugins/orangehrmCorePlugin/lib/authorization/filter/ohrmAuthorizationFilter.php(101): sfFilterChain->execute()
#17 /var/www/html/orangehrm/symfony/cache/orangehrm/prod/config/config_core_compile.yml.php(1031): ohrmAuthorizationFilter->execute(Object(sfFilterChain))
#18 /var/www/html/orangehrm/symfony/apps/orangehrm/lib/filter/SessionInfoFetcherFilter.php(67): sfFilterChain->execute()
#19 /var/www/html/orangehrm/symfony/cache/orangehrm/prod/config/config_core_compile.yml.php(1031): SessionInfoFetcherFilter->execute(Object(sfFilterChain))
#20 /var/www/html/orangehrm/symfony/apps/orangehrm/lib/filter/OrangeI18NFilter.php(58): sfFilterChain->execute()
#21 /var/www/html/orangehrm/symfony/cache/orangehrm/prod/config/config_core_compile.yml.php(1031): OrangeI18NFilter->execute(Object(sfFilterChain))
#22 /var/www/html/orangehrm/symfony/apps/orangehrm/lib/filter/ExceptionCatcherFilter.php(26): sfFilterChain->execute()
#23 /var/www/html/orangehrm/symfony/cache/orangehrm/prod/config/config_core_compile.yml.php(1031): ExceptionCatcherFilter->execute(Object(sfFilterChain))
#24 /var/www/html/orangehrm/symfony/lib/vendor/symfony/lib/filter/sfBasicSecurityFilter.class.php(72): sfFilterChain->execute()
#25 /var/www/html/orangehrm/symfony/cache/orangehrm/prod/config/config_core_compile.yml.php(1031): sfBasicSecurityFilter->execute(Object(sfFilterChain))
#26 /var/www/html/orangehrm/symfony/cache/orangehrm/prod/config/config_core_compile.yml.php(995): sfFilterChain->execute()
#27 /var/www/html/orangehrm/symfony/cache/orangehrm/prod/config/config_core_compile.yml.php(1031): sfRenderingFilter->execute(Object(sfFilterChain))
#28 /var/www/html/orangehrm/symfony/cache/orangehrm/prod/config/config_core_compile.yml.php(665): sfFilterChain->execute()
#29 /var/www/html/orangehrm/symfony/apps/orangehrm/lib/filter/ExceptionCatcherFilter.php(40): sfController->forward('core', 'displayMessage')
#30 /var/www/html/orangehrm/symfony/cache/orangehrm/prod/config/config_core_compile.yml.php(1031): ExceptionCatcherFilter->execute(Object(sfFilterChain))
#31 /var/www/html/orangehrm/symfony/lib/vendor/symfony/lib/filter/sfBasicSecurityFilter.class.php(72): sfFilterChain->execute()
#32 /var/www/html/orangehrm/symfony/cache/orangehrm/prod/config/config_core_compile.yml.php(1031): sfBasicSecurityFilter->execute(Object(sfFilterChain))
#33 /var/www/html/orangehrm/symfony/cache/orangehrm/prod/config/config_core_compile.yml.php(995): sfFilterChain->execute()
#34 /var/www/html/orangehrm/symfony/cache/orangehrm/prod/config/config_core_compile.yml.php(1031): sfRenderingFilter->execute(Object(sfFilterChain))
#35 /var/www/html/orangehrm/symfony/cache/orangehrm/prod/config/config_core_compile.yml.php(665): sfFilterChain->execute()
#36 /var/www/html/orangehrm/symfony/apps/orangehrm/lib/filter/ExceptionCatcherFilter.php(40): sfController->forward('core', 'displayMessage')
#37 /var/www/html/orangehrm/symfony/cache/orangehrm/prod/config/config_core_compile.yml.php(1031): ExceptionCatcherFilter->execute(Object(sfFilterChain))
#38 /var/www/html/orangehrm/symfony/lib/vendor/symfony/lib/filter/sfBasicSecurityFilter.class.php(72): sfFilterChain->execute()
#39 /var/www/html/orangehrm/symfony/cache/orangehrm/prod/config/config_core_compile.yml.php(1031): sfBasicSecurityFilter->execute(Object(sfFilterChain))
#40 /var/www/html/orangehrm/symfony/cache/orangehrm/prod/config/config_core_compile.yml.php(995): sfFilterChain->execute()
#41 /var/www/html/orangehrm/symfony/cache/orangehrm/prod/config/config_core_compile.yml.php(1031): sfRenderingFilter->execute(Object(sfFilterChain))
#42 /var/www/html/orangehrm/symfony/cache/orangehrm/prod/config/config_core_compile.yml.php(665): sfFilterChain->execute()
#43 /var/www/html/orangehrm/symfony/apps/orangehrm/lib/filter/ExceptionCatcherFilter.php(40): sfController->forward('core', 'displayMessage')
#44 /var/www/html/orangehrm/symfony/cache/orangehrm/prod/config/config_core_compile.yml.php(1031): ExceptionCatcherFilter->execute(Object(sfFilterChain))
#45 /var/www/html/orangehrm/symfony/lib/vendor/symfony/lib/filter/sfBasicSecurityFilter.class.php(72): sfFilterChain->execute()
#46 /var/www/html/orangehrm/symfony/cache/orangehrm/prod/config/config_core_compile.yml.php(1031): sfBasicSecurityFilter->execute(Object(sfFilterChain))
#47 /var/www/html/orangehrm/symfony/cache/orangehrm/prod/config/config_core_compile.yml.php(995): sfFilterChain->execute()
#48 /var/www/html/orangehrm/symfony/cache/orangehrm/prod/config/config_core_compile.yml.php(1031): sfRenderingFilter->execute(Object(sfFilterChain))
#49 /var/www/html/orangehrm/symfony/cache/orangehrm/prod/config/config_core_compile.yml.php(665): sfFilterChain->execute()
#50 /var/www/html/orangehrm/symfony/cache/orangehrm/prod/config/config_core_compile.yml.php(2352): sfController->forward('dashboard', 'index')
#51 /var/www/html/orangehrm/symfony/lib/vendor/symfony/lib/util/sfContext.class.php(170): sfFrontWebController->dispatch()
#52 /var/www/html/orangehrm/symfony/web/index.php(22): sfContext->dispatch()
#53 {main}
Tue 26 Jul 2016 01:51:34 PM CDT,821 [5052] ERROR filter.ExceptionCatcherFilter - Uncaught Exception: exception 'sfConfigurationException' with message 'The component does not exist: "mainMenu", "".' in /var/www/html/orangehrm/symfony/lib/vendor/symfony/lib/helper/PartialHelper.php:352
Stack trace:
#0 /var/www/html/orangehrm/symfony/lib/vendor/symfony/lib/helper/PartialHelper.php(150): _call_component('mainMenu', NULL, Array)
#1 /var/www/html/orangehrm/symfony/lib/vendor/symfony/lib/helper/PartialHelper.php(115): get_component('mainMenu', NULL, Array)
#2 /var/www/html/orangehrm/symfony/apps/orangehrm/templates/freshorange.php(40): include_component('mainMenu')
#3 /var/www/html/orangehrm/symfony/cache/orangehrm/prod/config/config_core_compile.yml.php(3851): require('/var/www/html/o...')
#4 /var/www/html/orangehrm/symfony/cache/orangehrm/prod/config/config_core_compile.yml.php(3886): sfPHPView->renderFile('/var/www/html/o...')
#5 /var/www/html/orangehrm/symfony/cache/orangehrm/prod/config/config_core_compile.yml.php(3918): sfPHPView->decorate('<div class="box...')
#6 /var/www/html/orangehrm/symfony/cache/orangehrm/prod/config/config_core_compile.yml.php(979): sfPHPView->render()
#7 /var/www/html/orangehrm/symfony/cache/orangehrm/prod/config/config_core_compile.yml.php(966): sfExecutionFilter->executeView('core', 'displayMessage', 'Success', Array)
#8 /var/www/html/orangehrm/symfony/cache/orangehrm/prod/config/config_core_compile.yml.php(934): sfExecutionFilter->handleView(Object(sfFilterChain), Object(displayMessageAction), 'Success')
#9 /var/www/html/orangehrm/symfony/cache/orangehrm/prod/config/config_core_compile.yml.php(1031): sfExecutionFilter->execute(Object(sfFilterChain))
#10 /var/www/html/orangehrm/symfony/lib/vendor/symfony/lib/filter/sfCommonFilter.class.php(29): sfFilterChain->execute()
#11 /var/www/html/orangehrm/symfony/cache/orangehrm/prod/config/config_core_compile.yml.php(1031): sfCommonFilter->execute(Object(sfFilterChain))
#12 /var/www/html/orangehrm/symfony/plugins/orangehrmCorePlugin/lib/filter/orangehrmPostExecutionFilter.php(22): sfFilterChain->execute()
#13 /var/www/html/orangehrm/symfony/cache/orangehrm/prod/config/config_core_compile.yml.php(1031): orangehrmPostExecutionFilter->execute(Object(sfFilterChain))
#14 /var/www/html/orangehrm/symfony/apps/orangehrm/lib/filter/ModuleFilter.php(56): sfFilterChain->execute()
#15 /var/www/html/orangehrm/symfony/cache/orangehrm/prod/config/config_core_compile.yml.php(1031): ModuleFilter->execute(Object(sfFilterChain))
#16 /var/www/html/orangehrm/symfony/plugins/orangehrmCorePlugin/lib/authorization/filter/ohrmAuthorizationFilter.php(101): sfFilterChain->execute()
#17 /var/www/html/orangehrm/symfony/cache/orangehrm/prod/config/config_core_compile.yml.php(1031): ohrmAuthorizationFilter->execute(Object(sfFilterChain))
#18 /var/www/html/orangehrm/symfony/apps/orangehrm/lib/filter/SessionInfoFetcherFilter.php(67): sfFilterChain->execute()
#19 /var/www/html/orangehrm/symfony/cache/orangehrm/prod/config/config_core_compile.yml.php(1031): SessionInfoFetcherFilter->execute(Object(sfFilterChain))
#20 /var/www/html/orangehrm/symfony/apps/orangehrm/lib/filter/OrangeI18NFilter.php(58): sfFilterChain->execute()
#21 /var/www/html/orangehrm/symfony/cache/orangehrm/prod/config/config_core_compile.yml.php(1031): OrangeI18NFilter->execute(Object(sfFilterChain))
#22 /var/www/html/orangehrm/symfony/apps/orangehrm/lib/filter/ExceptionCatcherFilter.php(26): sfFilterChain->execute()
#23 /var/www/html/orangehrm/symfony/cache/orangehrm/prod/config/config_core_compile.yml.php(1031): ExceptionCatcherFilter->execute(Object(sfFilterChain))
#24 /var/www/html/orangehrm/symfony/lib/vendor/symfony/lib/filter/sfBasicSecurityFilter.class.php(72): sfFilterChain->execute()
#25 /var/www/html/orangehrm/symfony/cache/orangehrm/prod/config/config_core_compile.yml.php(1031): sfBasicSecurityFilter->execute(Object(sfFilterChain))
#26 /var/www/html/orangehrm/symfony/cache/orangehrm/prod/config/config_core_compile.yml.php(995): sfFilterChain->execute()
#27 /var/www/html/orangehrm/symfony/cache/orangehrm/prod/config/config_core_compile.yml.php(1031): sfRenderingFilter->execute(Object(sfFilterChain))
#28 /var/www/html/orangehrm/symfony/cache/orangehrm/prod/config/config_core_compile.yml.php(665): sfFilterChain->execute()
#29 /var/www/html/orangehrm/symfony/apps/orangehrm/lib/filter/ExceptionCatcherFilter.php(40): sfController->forward('core', 'displayMessage')
#30 /var/www/html/orangehrm/symfony/cache/orangehrm/prod/config/config_core_compile.yml.php(1031): ExceptionCatcherFilter->execute(Object(sfFilterChain))
#31 /var/www/html/orangehrm/symfony/lib/vendor/symfony/lib/filter/sfBasicSecurityFilter.class.php(72): sfFilterChain->execute()
#32 /var/www/html/orangehrm/symfony/cache/orangehrm/prod/config/config_core_compile.yml.php(1031): sfBasicSecurityFilter->execute(Object(sfFilterChain))
#33 /var/www/html/orangehrm/symfony/cache/orangehrm/prod/config/config_core_compile.yml.php(995): sfFilterChain->execute()
#34 /var/www/html/orangehrm/symfony/cache/orangehrm/prod/config/config_core_compile.yml.php(1031): sfRenderingFilter->execute(Object(sfFilterChain))
#35 /var/www/html/orangehrm/symfony/cache/orangehrm/prod/config/config_core_compile.yml.php(665): sfFilterChain->execute()
#36 /var/www/html/orangehrm/symfony/apps/orangehrm/lib/filter/ExceptionCatcherFilter.php(40): sfController->forward('core', 'displayMessage')
#37 /var/www/html/orangehrm/symfony/cache/orangehrm/prod/config/config_core_compile.yml.php(1031): ExceptionCatcherFilter->execute(Object(sfFilterChain))
#38 /var/www/html/orangehrm/symfony/lib/vendor/symfony/lib/filter/sfBasicSecurityFilter.class.php(72): sfFilterChain->execute()
#39 /var/www/html/orangehrm/symfony/cache/orangehrm/prod/config/config_core_compile.yml.php(1031): sfBasicSecurityFilter->execute(Object(sfFilterChain))
#40 /var/www/html/orangehrm/symfony/cache/orangehrm/prod/config/config_core_compile.yml.php(995): sfFilterChain->execute()
#41 /var/www/html/orangehrm/symfony/cache/orangehrm/prod/config/config_core_compile.yml.php(1031): sfRenderingFilter->execute(Object(sfFilterChain))
#42 /var/www/html/orangehrm/symfony/cache/orangehrm/prod/config/config_core_compile.yml.php(665): sfFilterChain->execute()
#43 /var/www/html/orangehrm/symfony/apps/orangehrm/lib/filter/ExceptionCatcherFilter.php(40): sfController->forward('core', 'displayMessage')
#44 /var/www/html/orangehrm/symfony/cache/orangehrm/prod/config/config_core_compile.yml.php(1031): ExceptionCatcherFilter->execute(Object(sfFilterChain))
#45 /var/www/html/orangehrm/symfony/lib/vendor/symfony/lib/filter/sfBasicSecurityFilter.class.php(72): sfFilterChain->execute()
#46 /var/www/html/orangehrm/symfony/cache/orangehrm/prod/config/config_core_compile.yml.php(1031): sfBasicSecurityFilter->execute(Object(sfFilterChain))
#47 /var/www/html/orangehrm/symfony/cache/orangehrm/prod/config/config_core_compile.yml.php(995): sfFilterChain->execute()
#48 /var/www/html/orangehrm/symfony/cache/orangehrm/prod/config/config_core_compile.yml.php(1031): sfRenderingFilter->execute(Object(sfFilterChain))
#49 /var/www/html/orangehrm/symfony/cache/orangehrm/prod/config/config_core_compile.yml.php(665): sfFilterChain->execute()
#50 /var/www/html/orangehrm/symfony/apps/orangehrm/lib/filter/ExceptionCatcherFilter.php(40): sfController->forward('core', 'displayMessage')
#51 /var/www/html/orangehrm/symfony/cache/orangehrm/prod/config/config_core_compile.yml.php(1031): ExceptionCatcherFilter->execute(Object(sfFilterChain))
#52 /var/www/html/orangehrm/symfony/lib/vendor/symfony/lib/filter/sfBasicSecurityFilter.class.php(72): sfFilterChain->execute()
#53 /var/www/html/orangehrm/symfony/cache/orangehrm/prod/config/config_core_compile.yml.php(1031): sfBasicSecurityFilter->execute(Object(sfFilterChain))
#54 /var/www/html/orangehrm/symfony/cache/orangehrm/prod/config/config_core_compile.yml.php(995): sfFilterChain->execute()
#55 /var/www/html/orangehrm/symfony/cache/orangehrm/prod/config/config_core_compile.yml.php(1031): sfRenderingFilter->execute(Object(sfFilterChain))
#56 /var/www/html/orangehrm/symfony/cache/orangehrm/prod/config/config_core_compile.yml.php(665): sfFilterChain->execute()
#57 /var/www/html/orangehrm/symfony/cache/orangehrm/prod/config/config_core_compile.yml.php(2352): sfController->forward('dashboard', 'index')
#58 /var/www/html/orangehrm/symfony/lib/vendor/symfony/lib/util/sfContext.class.php(170): sfFrontWebController->dispatch()
#59 /var/www/html/orangehrm/symfony/web/index.php(22): sfContext->dispatch()
#60 {main}
[26-Jul-2016 13:51:34 America/Chicago] Too many forwards have been detected for this request.
